$ next build
   ▲ Next.js 15.5.9
   - Environments: .env.local
   - Experiments (use with caution):
     · serverActions

   Creating an optimized production build ...
<w> [webpack.cache.PackFileCacheStrategy] Serializing big strings (133kiB) impacts deserialization performance (consider using Buffer instead and decode when needed)
 ✓ Compiled successfully in 14.7s
   Skipping validation of types
   Skipping linting
   Collecting page data ...
   Generating static pages (0/96) ...
   Generating static pages (24/96) 
   Generating static pages (48/96) 
   Generating static pages (72/96) 
 ✓ Generating static pages (96/96)
   Finalizing page optimization ...
   Collecting build traces ...

Route (app)                                       Size  First Load JS
┌ ○ /                                          17.6 kB         240 kB
├ ○ /_not-found                                   1 kB         103 kB
├ ○ /about                                       206 B         174 kB
├ ○ /ace                                         215 B         177 kB
├ ƒ /admin                                      230 kB         343 kB
├ ƒ /api/ace-profile                             170 B         102 kB
├ ƒ /api/auth/callback                           170 B         102 kB
├ ƒ /api/auth/login                              170 B         102 kB
├ ƒ /api/auth/resolve-username                   170 B         102 kB
├ ƒ /api/chat                                    170 B         102 kB
├ ƒ /api/check-username                          170 B         102 kB
├ ƒ /api/matchmaker/analyze                      170 B         102 kB
├ ƒ /api/reviews                                 170 B         102 kB
├ ƒ /api/stories/submit                          170 B         102 kB
├ ƒ /api/stories/views                           170 B         102 kB
├ ○ /apple-icon                                  170 B         102 kB
├ ƒ /auth/callback                               170 B         102 kB
├ ○ /auth/forgot-password                      2.32 kB         108 kB
├ ○ /auth/login                                3.77 kB         110 kB
├ ƒ /auth/login-action                           170 B         102 kB
├ ○ /auth/reset-password                       2.64 kB         108 kB
├ ○ /auth/signup                               12.2 kB         118 kB
├ ○ /contact                                    2.9 kB         171 kB
├ ● /experiences/[slug]                        7.71 kB         188 kB
├   ├ /experiences/stok-kangri
├   ├ /experiences/chadar-trek
├   ├ /experiences/manali-leh-bike-expedition
├   └ [+54 more paths]
├ ○ /explore                                   8.14 kB         234 kB
├ ○ /icon                                        170 B         102 kB
├ ○ /list                                      5.54 kB         174 kB
├ ○ /map                                       8.54 kB         219 kB
├ ○ /matchmaker                                11.9 kB         234 kB
├ ○ /privacy                                     891 B         169 kB
├ ƒ /profile                                    3.7 kB         109 kB
├ ○ /sitemap.xml                                 170 B         102 kB
├ ○ /stories                                     877 B         175 kB
├ ● /stories/[slug]                            2.41 kB         176 kB
├   ├ /stories/the-night-photi-la-tested-us
├   └ /stories/riding-through-a-revolution
├ ○ /stories/submit                            3.99 kB         172 kB
└ ○ /terms                                       891 B         169 kB
+ First Load JS shared by all                   102 kB
  ├ chunks/1255-8befde0980f5cba9.js            45.6 kB
  ├ chunks/4bd1b696-100b9d70ed4e49c1.js        54.2 kB
  └ other shared chunks (total)                1.95 kB


ƒ Middleware                                   81.7 kB

○  (Static)   prerendered as static content
●  (SSG)      prerendered as static HTML (uses generateStaticParams)
ƒ  (Dynamic)  server-rendered on demand

