2026-02-24T08:22:15.191Z [console][warn] Detected `scroll-behavior: smooth` on the `<html>` element. In a future version, Next.js will no longer automatically disable smooth scrolling during route transitions. To prepare for this change, add `data-scroll-behavior="smooth"` to your <html> element. Learn more: https://nextjs.org/docs/messages/missing-data-scroll-behavior
2026-02-24T08:42:06.827Z [console][warn] Image with src "https://images.unsplash.com/photo-1509316785289-025f5b846b35?w=800&q=80" has "fill" but is missing "sizes" prop. Please add it to improve page performance. Read more: https://nextjs.org/docs/api-reference/next/image#sizes
2026-02-24T08:42:06.851Z [console][warn] Image with src "https://images.unsplash.com/photo-1519904981063-b0cf448d479e?w=800&q=80" has "fill" but is missing "sizes" prop. Please add it to improve page performance. Read more: https://nextjs.org/docs/api-reference/next/image#sizes
2026-02-24T08:42:06.950Z [console][warn] Image with src "https://images.unsplash.com/photo-1441974231531-c6227db76b6e?w=800&q=80" has "fill" but is missing "sizes" prop. Please add it to improve page performance. Read more: https://nextjs.org/docs/api-reference/next/image#sizes
2026-02-24T08:42:07.011Z [console][warn] Image with src "https://images.unsplash.com/photo-1518020382113-a7e8fc38eac9?w=800&q=80" has "fill" but is missing "sizes" prop. Please add it to improve page performance. Read more: https://nextjs.org/docs/api-reference/next/image#sizes
2026-02-24T08:42:07.053Z [console][warn] Image with src "https://images.unsplash.com/photo-1506905925346-21bda4d32df4?w=800&q=80" has "fill" but is missing "sizes" prop. Please add it to improve page performance. Read more: https://nextjs.org/docs/api-reference/next/image#sizes
2026-02-24T08:42:07.153Z [console][warn] Image with src "https://images.unsplash.com/photo-1486870591958-9b9d0d1dda99?w=800&q=80" has "fill" but is missing "sizes" prop. Please add it to improve page performance. Read more: https://nextjs.org/docs/api-reference/next/image#sizes
2026-02-24T08:42:11.467Z [console][warn] Detected `scroll-behavior: smooth` on the `<html>` element. In a future version, Next.js will no longer automatically disable smooth scrolling during route transitions. To prepare for this change, add `data-scroll-behavior="smooth"` to your <html> element. Learn more: https://nextjs.org/docs/messages/missing-data-scroll-behavior
2026-02-24T08:42:11.484Z [console][error] Failed to fetch RSC payload for https://3000-93cac9a5-a1bb-4ccf-aed8-65d001d5536b.orchids.cloud/experiences/chadar-trek. Falling back to browser navigation. {}
2026-02-24T08:42:14.952Z [console][warn] Image with src "https://images.unsplash.com/photo-1740116887029-511f9113a782?w=1600&q=90" has "fill" but is missing "sizes" prop. Please add it to improve page performance. Read more: https://nextjs.org/docs/api-reference/next/image#sizes
2026-02-24T08:42:14.964Z [console][warn] Image with src "https://images.unsplash.com/photo-1638008302541-5f5a98159df5?w=1600&q=90" has "fill" but is missing "sizes" prop. Please add it to improve page performance. Read more: https://nextjs.org/docs/api-reference/next/image#sizes
2026-02-24T08:42:14.974Z [console][warn] Image with src "https://images.unsplash.com/photo-1581793745862-99fde7fa73d2?w=1600&q=90" has "fill" but is missing "sizes" prop. Please add it to improve page performance. Read more: https://nextjs.org/docs/api-reference/next/image#sizes
2026-02-24T08:42:11.486Z [network][POST 0] /__nextjs_original-stack-frames
  request: {"frames":[],"isServer":false,"isEdgeServer":false,"isAppDirectory":true}
  response: Request failed: Load failed
2026-02-24T10:27:52.199Z [console][warn] Detected `scroll-behavior: smooth` on the `<html>` element. In a future version, Next.js will no longer automatically disable smooth scrolling during route transitions. To prepare for this change, add `data-scroll-behavior="smooth"` to your <html> element. Learn more: https://nextjs.org/docs/messages/missing-data-scroll-behavior
2026-02-24T10:28:04.970Z [console][warn] Detected `scroll-behavior: smooth` on the `<html>` element. In a future version, Next.js will no longer automatically disable smooth scrolling during route transitions. To prepare for this change, add `data-scroll-behavior="smooth"` to your <html> element. Learn more: https://nextjs.org/docs/messages/missing-data-scroll-behavior
2026-02-24T10:28:08.679Z [console][warn] Detected `scroll-behavior: smooth` on the `<html>` element. In a future version, Next.js will no longer automatically disable smooth scrolling during route transitions. To prepare for this change, add `data-scroll-behavior="smooth"` to your <html> element. Learn more: https://nextjs.org/docs/messages/missing-data-scroll-behavior
2026-02-24T10:27:52.524Z [network][POST 0] /__nextjs_original-stack-frames
  request: {"frames":[{"file":"file:///home/user/app/.next/static/chunks/turbopack-user_app_c66dc016._.js","line1":622,"column1":28,"methodName":"<unknown>","arguments":[]}],"isServer":false,"isEdgeServer":false,"isAppDirectory":true}
  response: Request failed: Load failed
2026-02-24T10:28:09.025Z [network][POST 0] /__nextjs_original-stack-frames
  request: {"frames":[{"file":"file:///home/user/app/.next/static/chunks/turbopack-user_app_c66dc016._.js","line1":622,"column1":28,"methodName":"<unknown>","arguments":[]}],"isServer":false,"isEdgeServer":false,"isAppDirectory":true}
  response: Request failed: Load failed
